


ARM Macro Assembler    Page 1 


    1 00000000                 AREA             ALP4,CODE,READONLY
    2 00000000         ENTRY
    3 00000000 E3A00000        LDR              R0,=0x00000000
    4 00000004 E3A01005        LDR              R1,=0x00000005
    5 00000008 E0810081        ADD              r0,r1,r1,LSL #1
    6 0000000C EAFFFFFE 
                       STOP    B                STOP
    7 00000010                 END
Command Line: --debug --xref --apcs=interwork --depend=.\barrel_add.d -o.\barre
l_add.o -IC:\Keil\ARM\RV31\INC -IC:\Keil\ARM\CMSIS\Include -IC:\Keil\ARM\Inc\Ph
ilips --predefine="__EVAL SETA 1" --list=.\barrel_add.lst barrel_add.s



ARM Macro Assembler    Page 1 Alphabetic symbol ordering
Relocatable symbols

ALP4 00000000

Symbol: ALP4
   Definitions
      At line 1 in file barrel_add.s
   Uses
      None
Comment: ALP4 unused
ENTRY 00000000

Symbol: ENTRY
   Definitions
      At line 2 in file barrel_add.s
   Uses
      None
Comment: ENTRY unused
STOP 0000000C

Symbol: STOP
   Definitions
      At line 6 in file barrel_add.s
   Uses
      At line 6 in file barrel_add.s
Comment: STOP used once
3 symbols
334 symbols in table
