


ARM Macro Assembler    Page 1 


    1 00000000                 AREA             COUNT,CODE,READONLY
    2 00000000         START
    3 00000000 E59F001C        LDR              R0, =0x40000050
    4 00000004 E1D010B0        LDRH             R1,[R0]
    5 00000008 E3A02010        MOV              R2,#16
    6 0000000C         LOOP
    7 0000000C E1B010A1        MOVS             R1,R1,LSR #1
    8 00000010 22833001        ADDCS            R3,#1       ; number of ones in
                                                             R3
    9 00000014 32844001        ADDCC            R4,#1       ;NUMBER of zeros in
                                                             R4
   10 00000018 E2522001        SUBS             R2,#1       ;Decrement counter
   11 0000001C 1AFFFFFA        BNE              LOOP
   12 00000020 EAFFFFFE 
                       STOP    B                STOP
   13 00000024                 END
              40000050 
Command Line: --debug --xref --apcs=interwork --depend=.\lab8.d -o.\lab8.o -IC:
\Keil\ARM\RV31\INC -IC:\Keil\ARM\CMSIS\Include -IC:\Keil\ARM\Inc\Philips --pred
efine="__EVAL SETA 1" --list=.\lab8.lst lab8.s



ARM Macro Assembler    Page 1 Alphabetic symbol ordering
Relocatable symbols

COUNT 00000000

Symbol: COUNT
   Definitions
      At line 1 in file lab8.s
   Uses
      None
Comment: COUNT unused
LOOP 0000000C

Symbol: LOOP
   Definitions
      At line 6 in file lab8.s
   Uses
      At line 11 in file lab8.s
Comment: LOOP used once
START 00000000

Symbol: START
   Definitions
      At line 2 in file lab8.s
   Uses
      None
Comment: START unused
STOP 00000020

Symbol: STOP
   Definitions
      At line 12 in file lab8.s
   Uses
      At line 12 in file lab8.s
Comment: STOP used once
4 symbols
337 symbols in table
