


ARM Macro Assembler    Page 1 


    1 00000000                 AREA             ALP6,CODE,READONLY
    2 00000000         ENTRY
    3 00000000 E3A00000        LDR              R0,=0x00000000
    4 00000004 E59F1014        LDR              R1,=0x02040608
    5 00000008 E59F2014        LDR              R2,=0x10305070
    6 0000000C E1810002        ORR              r0,r1,r2
    7 00000010 E0010002        AND              r0,r1,r2
    8 00000014 E0210002        EOR              r0,r1,r2
    9 00000018 E0210001        EOR              r0,r1,r1
   10 0000001C EAFFFFFE 
                       STOP    B                STOP
   11 00000020                 END
              02040608 
              10305070 
Command Line: --debug --xref --apcs=interwork --depend=.\logic.d -o.\logic.o -I
C:\Keil\ARM\RV31\INC -IC:\Keil\ARM\CMSIS\Include -IC:\Keil\ARM\Inc\Philips --pr
edefine="__EVAL SETA 1" --list=.\logic.lst logic.s



ARM Macro Assembler    Page 1 Alphabetic symbol ordering
Relocatable symbols

ALP6 00000000

Symbol: ALP6
   Definitions
      At line 1 in file logic.s
   Uses
      None
Comment: ALP6 unused
ENTRY 00000000

Symbol: ENTRY
   Definitions
      At line 2 in file logic.s
   Uses
      None
Comment: ENTRY unused
STOP 0000001C

Symbol: STOP
   Definitions
      At line 10 in file logic.s
   Uses
      At line 10 in file logic.s
Comment: STOP used once
3 symbols
336 symbols in table
