


ARM Macro Assembler    Page 1 


    1 00000000                 AREA             ALP2,CODE,READONLY
    2 00000000         ENTRY
    3 00000000 E3A05005        LDR              R5,=5
    4 00000004 E3A07008        LDR              R7,=8
    5 00000008 E1A07105        MOV              r7,r5,LSL #2
    6 0000000C EAFFFFFE 
                       STOP    B                STOP
    7 00000010                 END
Command Line: --debug --xref --apcs=interwork --depend=.\lsl.d -o.\lsl.o -IC:\K
eil\ARM\RV31\INC -IC:\Keil\ARM\CMSIS\Include -IC:\Keil\ARM\Inc\Philips --predef
ine="__EVAL SETA 1" --list=.\lsl.lst lsl.s



ARM Macro Assembler    Page 1 Alphabetic symbol ordering
Relocatable symbols

ALP2 00000000

Symbol: ALP2
   Definitions
      At line 1 in file lsl.s
   Uses
      None
Comment: ALP2 unused
ENTRY 00000000

Symbol: ENTRY
   Definitions
      At line 2 in file lsl.s
   Uses
      None
Comment: ENTRY unused
STOP 0000000C

Symbol: STOP
   Definitions
      At line 6 in file lsl.s
   Uses
      At line 6 in file lsl.s
Comment: STOP used once
3 symbols
334 symbols in table
