


ARM Macro Assembler    Page 1 


    1 00000000                 AREA             ALP7,CODE,READONLY
    2 00000000         START
    3 00000000 E3A02000        ldr              r2,=0x00000000
    4 00000004 E3A03000        ldr              r3,=0x00000000
    5 00000008 E1E02003        MVN              r2,r3
    6 0000000C EAFFFFFE 
                       STOP    B                STOP
    7 00000010                 END
Command Line: --debug --xref --apcs=interwork --depend=.\mvn.d -o.\mvn.o -IC:\K
eil\ARM\RV31\INC -IC:\Keil\ARM\CMSIS\Include -IC:\Keil\ARM\Inc\Philips --predef
ine="__EVAL SETA 1" --list=.\mvn.lst mvn.s



ARM Macro Assembler    Page 1 Alphabetic symbol ordering
Relocatable symbols

ALP7 00000000

Symbol: ALP7
   Definitions
      At line 1 in file mvn.s
   Uses
      None
Comment: ALP7 unused
START 00000000

Symbol: START
   Definitions
      At line 2 in file mvn.s
   Uses
      None
Comment: START unused
STOP 0000000C

Symbol: STOP
   Definitions
      At line 6 in file mvn.s
   Uses
      At line 6 in file mvn.s
Comment: STOP used once
3 symbols
334 symbols in table
