


ARM Macro Assembler    Page 1 


    1 00000000                 AREA             MULTIPLY , CODE, READONLY
    2 00000000         START
    3 00000000 E3A01C19        MOV              R1,#6400
    4 00000004 E3A02D32        MOV              R2,#3200
    5 00000008 E0030291        MUL              R3,R1,R2
    6 0000000C EAFFFFFE 
                       STOP    B                STOP
    7 00000010                 END
Command Line: --debug --xref --bi --apcs=interwork --depend=.\mul.d -o.\mul.o -
IC:\Keil\ARM\RV31\INC -IC:\Keil\ARM\CMSIS\Include --predefine="__EVAL SETA 1" -
-list=.\mul.lst mul.s



ARM Macro Assembler    Page 1 Alphabetic symbol ordering
Relocatable symbols

MULTIPLY 00000000

Symbol: MULTIPLY
   Definitions
      At line 1 in file mul.s
   Uses
      None
Comment: MULTIPLY unused
START 00000000

Symbol: START
   Definitions
      At line 2 in file mul.s
   Uses
      None
Comment: START unused
STOP 0000000C

Symbol: STOP
   Definitions
      At line 6 in file mul.s
   Uses
      At line 6 in file mul.s
Comment: STOP used once
3 symbols
334 symbols in table
